<?xml version="1.0" encoding="UTF-8"?>
<testsuite name="com.qa.trello.BoardCreationTests" tests="1" skipped="0" failures="0" errors="0" timestamp="2020-04-13T18:46:04" hostname="DESKTOP-QU12992" time="39.753">
  <properties/>
  <testcase name="testBoeardCreation" classname="com.qa.trello.BoardCreationTests" time="39.753"/>
  <system-out><![CDATA[]]></system-out>
  <system-err><![CDATA[Starting ChromeDriver 80.0.3987.106 (f68069574609230cf9b635cd784cfb1bf81bb53a-refs/branch-heads/3987@{#882}) on port 19610
Only local connections are allowed.
Please protect ports used by ChromeDriver and related test frameworks to prevent access by malicious code.
[1586803542.915][WARNING]: This version of ChromeDriver has not been tested with Chrome version 81.
[1586803544.929][WARNING]: Timed out connecting to Chrome, retrying...
Apr 13, 2020 9:45:47 PM org.openqa.selenium.remote.ProtocolHandshake createSession
INFO: Detected dialect: W3C
[1586803551.636][WARNING]: Timed out connecting to Chrome, retrying...
[1586803554.796][SEVERE]: Timed out receiving message from renderer: 0.100
[1586803554.899][SEVERE]: Timed out receiving message from renderer: 0.100
[1586803555.002][SEVERE]: Timed out receiving message from renderer: 0.100
[1586803555.105][SEVERE]: Timed out receiving message from renderer: 0.100
[1586803555.209][SEVERE]: Timed out receiving message from renderer: 0.100
[1586803555.314][SEVERE]: Timed out receiving message from renderer: 0.100
[1586803555.416][SEVERE]: Timed out receiving message from renderer: 0.100
[1586803555.518][SEVERE]: Timed out receiving message from renderer: 0.100
[1586803555.621][SEVERE]: Timed out receiving message from renderer: 0.100
[1586803556.790][SEVERE]: Timed out receiving message from renderer: 0.100
[1586803557.223][SEVERE]: Timed out receiving message from renderer: 0.100
[1586803561.296][SEVERE]: Timed out receiving message from renderer: 0.100
[1586803561.870][SEVERE]: Timed out receiving message from renderer: 0.100
[1586803561.973][SEVERE]: Timed out receiving message from renderer: 0.100
[1586803562.101][SEVERE]: Timed out receiving message from renderer: 0.100
[1586803562.212][SEVERE]: Timed out receiving message from renderer: 0.100
[1586803562.318][SEVERE]: Timed out receiving message from renderer: 0.100
[1586803562.433][SEVERE]: Timed out receiving message from renderer: 0.100
[1586803562.607][SEVERE]: Timed out receiving message from renderer: 0.100
[1586803562.978][SEVERE]: Timed out receiving message from renderer: 0.100
[1586803563.087][SEVERE]: Timed out receiving message from renderer: 0.100
[1586803563.204][SEVERE]: Timed out receiving message from renderer: 0.100
[1586803563.320][SEVERE]: Timed out receiving message from renderer: 0.100
[1586803563.423][SEVERE]: Timed out receiving message from renderer: 0.100
[1586803563.542][SEVERE]: Timed out receiving message from renderer: 0.100
[1586803563.644][SEVERE]: Timed out receiving message from renderer: 0.100
[1586803563.748][SEVERE]: Timed out receiving message from renderer: 0.100
[1586803563.853][SEVERE]: Timed out receiving message from renderer: 0.100
[1586803564.166][SEVERE]: Timed out receiving message from renderer: 0.100
[1586803564.294][SEVERE]: Timed out receiving message from renderer: 0.100
[1586803564.420][SEVERE]: Timed out receiving message from renderer: 0.100
[1586803564.524][SEVERE]: Timed out receiving message from renderer: 0.100
[1586803564.631][SEVERE]: Timed out receiving message from renderer: 0.100
[1586803564.738][SEVERE]: Timed out receiving message from renderer: 0.100
[1586803566.183][SEVERE]: Timed out receiving message from renderer: 0.100
[1586803566.825][SEVERE]: Timed out receiving message from renderer: 0.100
[1586803567.228][SEVERE]: Timed out receiving message from renderer: 0.100
[1586803567.330][SEVERE]: Timed out receiving message from renderer: 0.100
[1586803568.129][SEVERE]: Timed out receiving message from renderer: 0.100
[1586803568.963][SEVERE]: Timed out receiving message from renderer: 0.100
[1586803569.093][SEVERE]: Timed out receiving message from renderer: 0.100
[1586803569.206][SEVERE]: Timed out receiving message from renderer: 0.100
[1586803569.411][SEVERE]: Timed out receiving message from renderer: 0.100
[1586803573.741][SEVERE]: Timed out receiving message from renderer: 0.100
[1586803573.850][SEVERE]: Timed out receiving message from renderer: 0.100
[1586803573.953][SEVERE]: Timed out receiving message from renderer: 0.100
[1586803574.058][SEVERE]: Timed out receiving message from renderer: 0.100
[1586803574.160][SEVERE]: Timed out receiving message from renderer: 0.100
[1586803574.262][SEVERE]: Timed out receiving message from renderer: 0.100
[1586803574.365][SEVERE]: Timed out receiving message from renderer: 0.100
[1586803574.467][SEVERE]: Timed out receiving message from renderer: 0.100
[1586803574.570][SEVERE]: Timed out receiving message from renderer: 0.100
[1586803574.678][SEVERE]: Timed out receiving message from renderer: 0.100
[1586803574.786][SEVERE]: Timed out receiving message from renderer: 0.100
[1586803574.890][SEVERE]: Timed out receiving message from renderer: 0.100
[1586803574.997][SEVERE]: Timed out receiving message from renderer: 0.100
[1586803575.100][SEVERE]: Timed out receiving message from renderer: 0.100
[1586803576.400][SEVERE]: Timed out receiving message from renderer: 0.100
[1586803578.511][SEVERE]: Timed out receiving message from renderer: 0.100
[1586803580.418][SEVERE]: Timed out receiving message from renderer: 0.100
[1586803580.522][SEVERE]: Timed out receiving message from renderer: 0.100
[1586803580.624][SEVERE]: Timed out receiving message from renderer: 0.100
[1586803580.842][SEVERE]: Timed out receiving message from renderer: 0.100
[1586803580.947][SEVERE]: Timed out receiving message from renderer: 0.100
[1586803581.051][SEVERE]: Timed out receiving message from renderer: 0.100
[1586803581.153][SEVERE]: Timed out receiving message from renderer: 0.100
[1586803581.266][SEVERE]: Timed out receiving message from renderer: 0.100
[1586803599.736][SEVERE]: Timed out receiving message from renderer: 0.100
[1586803602.477][SEVERE]: Timed out receiving message from renderer: 0.100
[1586803602.586][SEVERE]: Timed out receiving message from renderer: 0.100
]]></system-err>
</testsuite>
