<?xml version="1.0" encoding="UTF-8"?>
<testsuite name="com.qa.trello.TeamCreationTests" tests="1" skipped="0" failures="1" errors="0" timestamp="2020-04-25T11:02:38" hostname="DESKTOP-QU12992" time="75.198">
  <properties/>
  <testcase name="testTeamCreation" classname="com.qa.trello.TeamCreationTests" time="75.198">
    <failure message="org.openqa.selenium.ElementNotInteractableException: element not interactable&#10;  (Session info: chrome=81.0.4044.122)&#10;Build info: version: '3.141.59', revision: 'e82be7d358', time: '2018-11-14T08:17:03'&#10;System info: host: 'DESKTOP-QU12992', ip: '192.168.1.12', os.name: 'Windows 10', os.arch: 'amd64', os.version: '10.0', java.version: '1.8.0_241'&#10;Driver info: org.openqa.selenium.chrome.ChromeDriver&#10;Capabilities {acceptInsecureCerts: false, browserName: chrome, browserVersion: 81.0.4044.122, chrome: {chromedriverVersion: 80.0.3987.106 (f68069574609..., userDataDir: C:\Users\User\AppData\Local...}, goog:chromeOptions: {debuggerAddress: localhost:60668}, javascriptEnabled: true, networkConnectionEnabled: false, pageLoadStrategy: normal, platform: WINDOWS, platformName: WINDOWS, proxy: Proxy(), setWindowRect: true, strictFileInteractability: false, timeouts: {implicit: 0, pageLoad: 300000, script: 30000}, unhandledPromptBehavior: dismiss and notify}&#10;Session ID: 2eed66d75f6615a3d56c60de57181c8e" type="org.openqa.selenium.ElementNotInteractableException">org.openqa.selenium.ElementNotInteractableException: element not interactable
  (Session info: chrome=81.0.4044.122)
Build info: version: '3.141.59', revision: 'e82be7d358', time: '2018-11-14T08:17:03'
System info: host: 'DESKTOP-QU12992', ip: '192.168.1.12', os.name: 'Windows 10', os.arch: 'amd64', os.version: '10.0', java.version: '1.8.0_241'
Driver info: org.openqa.selenium.chrome.ChromeDriver
Capabilities {acceptInsecureCerts: false, browserName: chrome, browserVersion: 81.0.4044.122, chrome: {chromedriverVersion: 80.0.3987.106 (f68069574609..., userDataDir: C:\Users\User\AppData\Local...}, goog:chromeOptions: {debuggerAddress: localhost:60668}, javascriptEnabled: true, networkConnectionEnabled: false, pageLoadStrategy: normal, platform: WINDOWS, platformName: WINDOWS, proxy: Proxy(), setWindowRect: true, strictFileInteractability: false, timeouts: {implicit: 0, pageLoad: 300000, script: 30000}, unhandledPromptBehavior: dismiss and notify}
Session ID: 2eed66d75f6615a3d56c60de57181c8e
	at sun.reflect.NativeConstructorAccessorImpl.newInstance0(Native Method)
	at sun.reflect.NativeConstructorAccessorImpl.newInstance(NativeConstructorAccessorImpl.java:62)
	at sun.reflect.DelegatingConstructorAccessorImpl.newInstance(DelegatingConstructorAccessorImpl.java:45)
	at java.lang.reflect.Constructor.newInstance(Constructor.java:423)
	at org.openqa.selenium.remote.http.W3CHttpResponseCodec.createException(W3CHttpResponseCodec.java:187)
	at org.openqa.selenium.remote.http.W3CHttpResponseCodec.decode(W3CHttpResponseCodec.java:122)
	at org.openqa.selenium.remote.http.W3CHttpResponseCodec.decode(W3CHttpResponseCodec.java:49)
	at org.openqa.selenium.remote.HttpCommandExecutor.execute(HttpCommandExecutor.java:158)
	at org.openqa.selenium.remote.service.DriverCommandExecutor.execute(DriverCommandExecutor.java:83)
	at org.openqa.selenium.remote.RemoteWebDriver.execute(RemoteWebDriver.java:552)
	at org.openqa.selenium.remote.RemoteWebElement.execute(RemoteWebElement.java:285)
	at org.openqa.selenium.remote.RemoteWebElement.click(RemoteWebElement.java:84)
	at com.qa.trello.TestBase.click(TestBase.java:91)
	at com.qa.trello.TestBase.clickCreateTeam(TestBase.java:51)
	at com.qa.trello.TeamCreationTests.testTeamCreation(TeamCreationTests.java:11)
	at sun.reflect.NativeMethodAccessorImpl.invoke0(Native Method)
	at sun.reflect.NativeMethodAccessorImpl.invoke(NativeMethodAccessorImpl.java:62)
	at sun.reflect.DelegatingMethodAccessorImpl.invoke(DelegatingMethodAccessorImpl.java:43)
	at java.lang.reflect.Method.invoke(Method.java:498)
	at org.testng.internal.MethodInvocationHelper.invokeMethod(MethodInvocationHelper.java:134)
	at org.testng.internal.TestInvoker.invokeMethod(TestInvoker.java:597)
	at org.testng.internal.TestInvoker.invokeTestMethod(TestInvoker.java:173)
	at org.testng.internal.MethodRunner.runInSequence(MethodRunner.java:46)
	at org.testng.internal.TestInvoker$MethodInvocationAgent.invoke(TestInvoker.java:816)
	at org.testng.internal.TestInvoker.invokeTestMethods(TestInvoker.java:146)
	at org.testng.internal.TestMethodWorker.invokeTestMethods(TestMethodWorker.java:146)
	at org.testng.internal.TestMethodWorker.run(TestMethodWorker.java:128)
	at java.util.ArrayList.forEach(ArrayList.java:1257)
	at org.testng.TestRunner.privateRun(TestRunner.java:766)
	at org.testng.TestRunner.run(TestRunner.java:587)
	at org.testng.SuiteRunner.runTest(SuiteRunner.java:384)
	at org.testng.SuiteRunner.runSequentially(SuiteRunner.java:378)
	at org.testng.SuiteRunner.privateRun(SuiteRunner.java:337)
	at org.testng.SuiteRunner.run(SuiteRunner.java:286)
	at org.testng.SuiteRunnerWorker.runSuite(SuiteRunnerWorker.java:53)
	at org.testng.SuiteRunnerWorker.run(SuiteRunnerWorker.java:96)
	at org.testng.TestNG.runSuitesSequentially(TestNG.java:1187)
	at org.testng.TestNG.runSuitesLocally(TestNG.java:1109)
	at org.testng.TestNG.runSuites(TestNG.java:1039)
	at org.testng.TestNG.run(TestNG.java:1007)
	at org.gradle.api.internal.tasks.testing.testng.TestNGTestClassProcessor.runTests(TestNGTestClassProcessor.java:141)
	at org.gradle.api.internal.tasks.testing.testng.TestNGTestClassProcessor.stop(TestNGTestClassProcessor.java:90)
	at org.gradle.api.internal.tasks.testing.SuiteTestClassProcessor.stop(SuiteTestClassProcessor.java:61)
	at sun.reflect.NativeMethodAccessorImpl.invoke0(Native Method)
	at sun.reflect.NativeMethodAccessorImpl.invoke(NativeMethodAccessorImpl.java:62)
	at sun.reflect.DelegatingMethodAccessorImpl.invoke(DelegatingMethodAccessorImpl.java:43)
	at java.lang.reflect.Method.invoke(Method.java:498)
	at org.gradle.internal.dispatch.ReflectionDispatch.dispatch(ReflectionDispatch.java:36)
	at org.gradle.internal.dispatch.ReflectionDispatch.dispatch(ReflectionDispatch.java:24)
	at org.gradle.internal.dispatch.ContextClassLoaderDispatch.dispatch(ContextClassLoaderDispatch.java:33)
	at org.gradle.internal.dispatch.ProxyDispatchAdapter$DispatchingInvocationHandler.invoke(ProxyDispatchAdapter.java:94)
	at com.sun.proxy.$Proxy2.stop(Unknown Source)
	at org.gradle.api.internal.tasks.testing.worker.TestWorker.stop(TestWorker.java:132)
	at sun.reflect.NativeMethodAccessorImpl.invoke0(Native Method)
	at sun.reflect.NativeMethodAccessorImpl.invoke(NativeMethodAccessorImpl.java:62)
	at sun.reflect.DelegatingMethodAccessorImpl.invoke(DelegatingMethodAccessorImpl.java:43)
	at java.lang.reflect.Method.invoke(Method.java:498)
	at org.gradle.internal.dispatch.ReflectionDispatch.dispatch(ReflectionDispatch.java:36)
	at org.gradle.internal.dispatch.ReflectionDispatch.dispatch(ReflectionDispatch.java:24)
	at org.gradle.internal.remote.internal.hub.MessageHubBackedObjectConnection$DispatchWrapper.dispatch(MessageHubBackedObjectConnection.java:182)
	at org.gradle.internal.remote.internal.hub.MessageHubBackedObjectConnection$DispatchWrapper.dispatch(MessageHubBackedObjectConnection.java:164)
	at org.gradle.internal.remote.internal.hub.MessageHub$Handler.run(MessageHub.java:412)
	at org.gradle.internal.concurrent.ExecutorPolicy$CatchAndRecordFailures.onExecute(ExecutorPolicy.java:64)
	at org.gradle.internal.concurrent.ManagedExecutorImpl$1.run(ManagedExecutorImpl.java:48)
	at java.util.concurrent.ThreadPoolExecutor.runWorker(ThreadPoolExecutor.java:1149)
	at java.util.concurrent.ThreadPoolExecutor$Worker.run(ThreadPoolExecutor.java:624)
	at org.gradle.internal.concurrent.ThreadFactoryImpl$ManagedThreadRunnable.run(ThreadFactoryImpl.java:56)
	at java.lang.Thread.run(Thread.java:748)
</failure>
  </testcase>
  <system-out><![CDATA[]]></system-out>
  <system-err><![CDATA[Starting ChromeDriver 80.0.3987.106 (f68069574609230cf9b635cd784cfb1bf81bb53a-refs/branch-heads/3987@{#882}) on port 24368
Only local connections are allowed.
Please protect ports used by ChromeDriver and related test frameworks to prevent access by malicious code.
[1587812485.695][WARNING]: This version of ChromeDriver has not been tested with Chrome version 81.
[1587812490.138][WARNING]: Timed out connecting to Chrome, retrying...
Apr 25, 2020 2:01:42 PM org.openqa.selenium.remote.ProtocolHandshake createSession
INFO: Detected dialect: W3C
[1587812504.920][WARNING]: Timed out connecting to Chrome, retrying...
[1587812509.720][SEVERE]: Timed out receiving message from renderer: 0.100
[1587812509.837][SEVERE]: Timed out receiving message from renderer: 0.100
[1587812510.004][SEVERE]: Timed out receiving message from renderer: 0.100
[1587812513.606][SEVERE]: Timed out receiving message from renderer: 0.100
[1587812515.368][SEVERE]: Timed out receiving message from renderer: 0.100
[1587812516.389][SEVERE]: Timed out receiving message from renderer: 0.100
[1587812523.643][SEVERE]: Timed out receiving message from renderer: 0.100
[1587812525.133][SEVERE]: Timed out receiving message from renderer: 0.100
[1587812554.700][SEVERE]: Timed out receiving message from renderer: 0.100
[1587812555.019][SEVERE]: Timed out receiving message from renderer: 0.100
[1587812555.424][SEVERE]: Timed out receiving message from renderer: 0.100
[1587812555.526][SEVERE]: Timed out receiving message from renderer: 0.100
[1587812555.633][SEVERE]: Timed out receiving message from renderer: 0.100
[1587812602.790][SEVERE]: Timed out receiving message from renderer: 0.100
[1587812602.895][SEVERE]: Timed out receiving message from renderer: 0.100
[1587812602.997][SEVERE]: Timed out receiving message from renderer: 0.100
[1587812603.108][SEVERE]: Timed out receiving message from renderer: 0.100
[1587812603.212][SEVERE]: Timed out receiving message from renderer: 0.100
[1587812603.322][SEVERE]: Timed out receiving message from renderer: 0.100
[1587812603.424][SEVERE]: Timed out receiving message from renderer: 0.100
[1587812603.526][SEVERE]: Timed out receiving message from renderer: 0.100
[1587812603.648][SEVERE]: Timed out receiving message from renderer: 0.100
[1587812603.751][SEVERE]: Timed out receiving message from renderer: 0.100
[1587812603.854][SEVERE]: Timed out receiving message from renderer: 0.100
[1587812603.957][SEVERE]: Timed out receiving message from renderer: 0.100
[1587812604.069][SEVERE]: Timed out receiving message from renderer: 0.100
[1587812604.174][SEVERE]: Timed out receiving message from renderer: 0.100
[1587812604.276][SEVERE]: Timed out receiving message from renderer: 0.100
[1587812604.381][SEVERE]: Timed out receiving message from renderer: 0.100
[1587812604.493][SEVERE]: Timed out receiving message from renderer: 0.100
[1587812604.597][SEVERE]: Timed out receiving message from renderer: 0.100
[1587812604.703][SEVERE]: Timed out receiving message from renderer: 0.100
[1587812604.807][SEVERE]: Timed out receiving message from renderer: 0.100
[1587812604.912][SEVERE]: Timed out receiving message from renderer: 0.100
[1587812605.014][SEVERE]: Timed out receiving message from renderer: 0.100
[1587812605.117][SEVERE]: Timed out receiving message from renderer: 0.100
[1587812605.220][SEVERE]: Timed out receiving message from renderer: 0.100
[1587812605.322][SEVERE]: Timed out receiving message from renderer: 0.100
[1587812605.424][SEVERE]: Timed out receiving message from renderer: 0.100
[1587812605.545][SEVERE]: Timed out receiving message from renderer: 0.100
[1587812605.648][SEVERE]: Timed out receiving message from renderer: 0.100
[1587812605.754][SEVERE]: Timed out receiving message from renderer: 0.100
[1587812605.875][SEVERE]: Timed out receiving message from renderer: 0.100
[1587812605.978][SEVERE]: Timed out receiving message from renderer: 0.100
[1587812606.246][SEVERE]: Timed out receiving message from renderer: 0.100
[1587812614.349][SEVERE]: Timed out receiving message from renderer: 0.100
]]></system-err>
</testsuite>
