<?xml version="1.0" encoding="UTF-8"?>
<testsuite name="com.qa.trello.TeamCreationTests" tests="1" skipped="0" failures="0" errors="0" timestamp="2020-04-17T13:15:45" hostname="DESKTOP-QU12992" time="83.632">
  <properties/>
  <testcase name="teamCreation" classname="com.qa.trello.TeamCreationTests" time="83.632"/>
  <system-out><![CDATA[]]></system-out>
  <system-err><![CDATA[Starting ChromeDriver 80.0.3987.106 (f68069574609230cf9b635cd784cfb1bf81bb53a-refs/branch-heads/3987@{#882}) on port 41114
Only local connections are allowed.
Please protect ports used by ChromeDriver and related test frameworks to prevent access by malicious code.
[1587129321.321][WARNING]: This version of ChromeDriver has not been tested with Chrome version 81.
[1587129324.475][WARNING]: Timed out connecting to Chrome, retrying...
Apr 17, 2020 4:15:27 PM org.openqa.selenium.remote.ProtocolHandshake createSession
INFO: Detected dialect: W3C
[1587129330.288][WARNING]: Timed out connecting to Chrome, retrying...
[1587129333.530][SEVERE]: Timed out receiving message from renderer: 0.100
[1587129333.638][SEVERE]: Timed out receiving message from renderer: 0.100
[1587129333.742][SEVERE]: Timed out receiving message from renderer: 0.100
[1587129333.856][SEVERE]: Timed out receiving message from renderer: 0.100
[1587129333.960][SEVERE]: Timed out receiving message from renderer: 0.100
[1587129334.064][SEVERE]: Timed out receiving message from renderer: 0.100
[1587129334.178][SEVERE]: Timed out receiving message from renderer: 0.100
[1587129336.051][SEVERE]: Timed out receiving message from renderer: 0.100
[1587129336.454][SEVERE]: Timed out receiving message from renderer: 0.100
[1587129341.526][SEVERE]: Timed out receiving message from renderer: 0.100
[1587129366.750][SEVERE]: Timed out receiving message from renderer: 0.100
[1587129367.481][SEVERE]: Timed out receiving message from renderer: 0.100
[1587129367.765][SEVERE]: Timed out receiving message from renderer: 0.100
[1587129367.884][SEVERE]: Timed out receiving message from renderer: 0.100
[1587129368.658][SEVERE]: Timed out receiving message from renderer: 0.100
[1587129368.762][SEVERE]: Timed out receiving message from renderer: 0.100
[1587129368.865][SEVERE]: Timed out receiving message from renderer: 0.100
[1587129368.970][SEVERE]: Timed out receiving message from renderer: 0.100
[1587129369.079][SEVERE]: Timed out receiving message from renderer: 0.100
[1587129403.212][SEVERE]: Timed out receiving message from renderer: 0.100
[1587129404.123][SEVERE]: Timed out receiving message from renderer: 0.100
[1587129404.735][SEVERE]: Timed out receiving message from renderer: 0.100
]]></system-err>
</testsuite>
