<?xml version="1.0" encoding="UTF-8"?>
<testsuite name="com.qa.trello.HwTests" tests="1" skipped="0" failures="0" errors="0" timestamp="2020-04-21T18:50:59" hostname="DESKTOP-QU12992" time="73.919">
  <properties/>
  <testcase name="teamCreation" classname="com.qa.trello.HwTests" time="73.919"/>
  <system-out><![CDATA[]]></system-out>
  <system-err><![CDATA[Starting ChromeDriver 80.0.3987.106 (f68069574609230cf9b635cd784cfb1bf81bb53a-refs/branch-heads/3987@{#882}) on port 5356
Only local connections are allowed.
Please protect ports used by ChromeDriver and related test frameworks to prevent access by malicious code.
[1587495035.898][WARNING]: This version of ChromeDriver has not been tested with Chrome version 81.
[1587495037.917][WARNING]: Timed out connecting to Chrome, retrying...
Apr 21, 2020 9:50:40 PM org.openqa.selenium.remote.ProtocolHandshake createSession
INFO: Detected dialect: W3C
[1587495044.084][WARNING]: Timed out connecting to Chrome, retrying...
[1587495047.262][SEVERE]: Timed out receiving message from renderer: 0.100
[1587495047.364][SEVERE]: Timed out receiving message from renderer: 0.100
[1587495047.467][SEVERE]: Timed out receiving message from renderer: 0.100
[1587495047.570][SEVERE]: Timed out receiving message from renderer: 0.100
[1587495047.672][SEVERE]: Timed out receiving message from renderer: 0.100
[1587495047.775][SEVERE]: Timed out receiving message from renderer: 0.100
[1587495056.772][SEVERE]: Timed out receiving message from renderer: 0.100
[1587495056.876][SEVERE]: Timed out receiving message from renderer: 0.100
[1587495056.987][SEVERE]: Timed out receiving message from renderer: 0.100
[1587495057.092][SEVERE]: Timed out receiving message from renderer: 0.100
[1587495057.198][SEVERE]: Timed out receiving message from renderer: 0.100
[1587495057.303][SEVERE]: Timed out receiving message from renderer: 0.100
[1587495057.449][SEVERE]: Timed out receiving message from renderer: 0.100
[1587495057.656][SEVERE]: Timed out receiving message from renderer: 0.100
[1587495058.352][SEVERE]: Timed out receiving message from renderer: 0.100
[1587495058.454][SEVERE]: Timed out receiving message from renderer: 0.100
[1587495058.564][SEVERE]: Timed out receiving message from renderer: 0.100
[1587495058.670][SEVERE]: Timed out receiving message from renderer: 0.100
[1587495059.073][SEVERE]: Timed out receiving message from renderer: 0.100
[1587495059.184][SEVERE]: Timed out receiving message from renderer: 0.100
[1587495059.345][SEVERE]: Timed out receiving message from renderer: 0.100
[1587495059.450][SEVERE]: Timed out receiving message from renderer: 0.100
[1587495080.436][SEVERE]: Timed out receiving message from renderer: 0.100
[1587495082.316][SEVERE]: Timed out receiving message from renderer: 0.100
[1587495082.602][SEVERE]: Timed out receiving message from renderer: 0.100
[1587495097.621][SEVERE]: Timed out receiving message from renderer: 0.100
[1587495097.724][SEVERE]: Timed out receiving message from renderer: 0.100
[1587495097.829][SEVERE]: Timed out receiving message from renderer: 0.100
[1587495097.941][SEVERE]: Timed out receiving message from renderer: 0.100
[1587495098.095][SEVERE]: Timed out receiving message from renderer: 0.100
[1587495098.209][SEVERE]: Timed out receiving message from renderer: 0.100
[1587495098.423][SEVERE]: Timed out receiving message from renderer: 0.100
[1587495098.527][SEVERE]: Timed out receiving message from renderer: 0.100
[1587495098.638][SEVERE]: Timed out receiving message from renderer: 0.100
[1587495100.254][SEVERE]: Timed out receiving message from renderer: 0.100
]]></system-err>
</testsuite>
